[09-Aug-2018 06:58:00 UTC] PHP Notice:  Undefined offset: 0 in /homepages/10/d745001381/htdocs/strasbourg2/wp-content/themes/wen-associate/inc/helper/common.php on line 163
[09-Aug-2018 06:58:00 UTC] PHP Recoverable fatal error:  Object of class WP_Error could not be converted to string in /homepages/10/d745001381/htdocs/strasbourg2/wp-content/themes/wen-associate/inc/helper/common.php on line 165
[09-Aug-2018 07:01:58 UTC] PHP Notice:  Undefined variable: pluginList in /homepages/10/d745001381/htdocs/strasbourg2/wp-content/themes/hotel-galaxy/functions.php on line 32
[09-Aug-2018 07:01:58 UTC] PHP Notice:  Undefined variable: plugin in /homepages/10/d745001381/htdocs/strasbourg2/wp-content/themes/hotel-galaxy/functions.php on line 33
[09-Aug-2018 07:01:58 UTC] PHP Warning:  Cannot modify header information - headers already sent by (output started at /homepages/10/d745001381/htdocs/strasbourg2/wp-content/themes/hotel-galaxy/functions.php:32) in /homepages/10/d745001381/htdocs/strasbourg2/wp-admin/includes/misc.php on line 1126
[09-Aug-2018 07:02:01 UTC] PHP Notice:  Undefined variable: pluginList in /homepages/10/d745001381/htdocs/strasbourg2/wp-content/themes/hotel-galaxy/functions.php on line 32
[09-Aug-2018 07:02:01 UTC] PHP Notice:  Undefined variable: plugin in /homepages/10/d745001381/htdocs/strasbourg2/wp-content/themes/hotel-galaxy/functions.php on line 33
[09-Aug-2018 07:02:01 UTC] PHP Notice:  Undefined variable: open_tab in /homepages/10/d745001381/htdocs/strasbourg2/wp-content/themes/hotel-galaxy/footer.php on line 14
[09-Aug-2018 07:02:01 UTC] PHP Notice:  Undefined variable: open_tab in /homepages/10/d745001381/htdocs/strasbourg2/wp-content/themes/hotel-galaxy/footer.php on line 14
[09-Aug-2018 07:02:01 UTC] PHP Notice:  Undefined variable: open_tab in /homepages/10/d745001381/htdocs/strasbourg2/wp-content/themes/hotel-galaxy/footer.php on line 14
[09-Aug-2018 07:02:01 UTC] PHP Notice:  Undefined variable: open_tab in /homepages/10/d745001381/htdocs/strasbourg2/wp-content/themes/hotel-galaxy/footer.php on line 14
[09-Aug-2018 07:02:15 UTC] PHP Notice:  Undefined variable: pluginList in /homepages/10/d745001381/htdocs/strasbourg2/wp-content/themes/hotel-galaxy/functions.php on line 32
[09-Aug-2018 07:02:15 UTC] PHP Notice:  Undefined variable: plugin in /homepages/10/d745001381/htdocs/strasbourg2/wp-content/themes/hotel-galaxy/functions.php on line 33
[09-Aug-2018 07:02:32 UTC] PHP Notice:  Undefined offset: 0 in /homepages/10/d745001381/htdocs/strasbourg2/wp-content/themes/wen-associate/inc/helper/common.php on line 163
[09-Aug-2018 07:02:32 UTC] PHP Recoverable fatal error:  Object of class WP_Error could not be converted to string in /homepages/10/d745001381/htdocs/strasbourg2/wp-content/themes/wen-associate/inc/helper/common.php on line 165
[09-Aug-2018 07:47:23 UTC] PHP Notice:  Undefined offset: 0 in /homepages/10/d745001381/htdocs/strasbourg2/wp-content/themes/wen-associate/inc/helper/common.php on line 163
[09-Aug-2018 07:47:23 UTC] PHP Recoverable fatal error:  Object of class WP_Error could not be converted to string in /homepages/10/d745001381/htdocs/strasbourg2/wp-content/themes/wen-associate/inc/helper/common.php on line 165
[09-Aug-2018 07:47:24 UTC] PHP Notice:  Undefined offset: 0 in /homepages/10/d745001381/htdocs/strasbourg2/wp-content/themes/wen-associate/inc/helper/common.php on line 163
[09-Aug-2018 07:47:24 UTC] PHP Recoverable fatal error:  Object of class WP_Error could not be converted to string in /homepages/10/d745001381/htdocs/strasbourg2/wp-content/themes/wen-associate/inc/helper/common.php on line 165
[09-Aug-2018 07:47:26 UTC] PHP Notice:  Undefined offset: 0 in /homepages/10/d745001381/htdocs/strasbourg2/wp-content/themes/wen-associate/inc/helper/common.php on line 163
[09-Aug-2018 07:47:26 UTC] PHP Recoverable fatal error:  Object of class WP_Error could not be converted to string in /homepages/10/d745001381/htdocs/strasbourg2/wp-content/themes/wen-associate/inc/helper/common.php on line 165
[09-Aug-2018 07:47:28 UTC] PHP Notice:  Undefined offset: 0 in /homepages/10/d745001381/htdocs/strasbourg2/wp-content/themes/wen-associate/inc/helper/common.php on line 163
[09-Aug-2018 07:47:28 UTC] PHP Recoverable fatal error:  Object of class WP_Error could not be converted to string in /homepages/10/d745001381/htdocs/strasbourg2/wp-content/themes/wen-associate/inc/helper/common.php on line 165
[09-Aug-2018 07:47:31 UTC] PHP Notice:  Undefined offset: 0 in /homepages/10/d745001381/htdocs/strasbourg2/wp-content/themes/wen-associate/inc/helper/common.php on line 163
[09-Aug-2018 07:47:31 UTC] PHP Recoverable fatal error:  Object of class WP_Error could not be converted to string in /homepages/10/d745001381/htdocs/strasbourg2/wp-content/themes/wen-associate/inc/helper/common.php on line 165
[09-Aug-2018 07:47:31 UTC] PHP Notice:  Undefined offset: 0 in /homepages/10/d745001381/htdocs/strasbourg2/wp-content/themes/wen-associate/inc/helper/common.php on line 163
[09-Aug-2018 07:47:31 UTC] PHP Recoverable fatal error:  Object of class WP_Error could not be converted to string in /homepages/10/d745001381/htdocs/strasbourg2/wp-content/themes/wen-associate/inc/helper/common.php on line 165
[09-Aug-2018 07:47:32 UTC] PHP Notice:  Undefined offset: 0 in /homepages/10/d745001381/htdocs/strasbourg2/wp-content/themes/wen-associate/inc/helper/common.php on line 163
[09-Aug-2018 07:47:32 UTC] PHP Recoverable fatal error:  Object of class WP_Error could not be converted to string in /homepages/10/d745001381/htdocs/strasbourg2/wp-content/themes/wen-associate/inc/helper/common.php on line 165
[09-Aug-2018 07:47:48 UTC] PHP Notice:  Undefined offset: 0 in /homepages/10/d745001381/htdocs/strasbourg2/wp-content/themes/wen-associate/inc/helper/common.php on line 163
[09-Aug-2018 07:47:48 UTC] PHP Recoverable fatal error:  Object of class WP_Error could not be converted to string in /homepages/10/d745001381/htdocs/strasbourg2/wp-content/themes/wen-associate/inc/helper/common.php on line 165
[09-Aug-2018 07:47:54 UTC] PHP Notice:  Undefined offset: 0 in /homepages/10/d745001381/htdocs/strasbourg2/wp-content/themes/wen-associate/inc/helper/common.php on line 163
[09-Aug-2018 07:47:54 UTC] PHP Recoverable fatal error:  Object of class WP_Error could not be converted to string in /homepages/10/d745001381/htdocs/strasbourg2/wp-content/themes/wen-associate/inc/helper/common.php on line 165
[09-Aug-2018 07:48:23 UTC] PHP Notice:  Undefined offset: 0 in /homepages/10/d745001381/htdocs/strasbourg2/wp-content/themes/wen-associate/inc/helper/common.php on line 163
[09-Aug-2018 07:48:23 UTC] PHP Recoverable fatal error:  Object of class WP_Error could not be converted to string in /homepages/10/d745001381/htdocs/strasbourg2/wp-content/themes/wen-associate/inc/helper/common.php on line 165
[09-Aug-2018 07:48:23 UTC] PHP Notice:  Undefined offset: 0 in /homepages/10/d745001381/htdocs/strasbourg2/wp-content/themes/wen-associate/inc/helper/common.php on line 163
[09-Aug-2018 07:48:23 UTC] PHP Recoverable fatal error:  Object of class WP_Error could not be converted to string in /homepages/10/d745001381/htdocs/strasbourg2/wp-content/themes/wen-associate/inc/helper/common.php on line 165
[09-Aug-2018 07:48:24 UTC] PHP Notice:  Undefined offset: 0 in /homepages/10/d745001381/htdocs/strasbourg2/wp-content/themes/wen-associate/inc/helper/common.php on line 163
[09-Aug-2018 07:48:24 UTC] PHP Recoverable fatal error:  Object of class WP_Error could not be converted to string in /homepages/10/d745001381/htdocs/strasbourg2/wp-content/themes/wen-associate/inc/helper/common.php on line 165
[09-Aug-2018 07:48:26 UTC] PHP Notice:  Undefined offset: 0 in /homepages/10/d745001381/htdocs/strasbourg2/wp-content/themes/wen-associate/inc/helper/common.php on line 163
[09-Aug-2018 07:48:26 UTC] PHP Recoverable fatal error:  Object of class WP_Error could not be converted to string in /homepages/10/d745001381/htdocs/strasbourg2/wp-content/themes/wen-associate/inc/helper/common.php on line 165
[09-Aug-2018 07:48:26 UTC] PHP Notice:  Undefined offset: 0 in /homepages/10/d745001381/htdocs/strasbourg2/wp-content/themes/wen-associate/inc/helper/common.php on line 163
[09-Aug-2018 07:48:26 UTC] PHP Recoverable fatal error:  Object of class WP_Error could not be converted to string in /homepages/10/d745001381/htdocs/strasbourg2/wp-content/themes/wen-associate/inc/helper/common.php on line 165
[09-Aug-2018 07:48:31 UTC] PHP Notice:  Undefined offset: 0 in /homepages/10/d745001381/htdocs/strasbourg2/wp-content/themes/wen-associate/inc/helper/common.php on line 163
[09-Aug-2018 07:48:31 UTC] PHP Recoverable fatal error:  Object of class WP_Error could not be converted to string in /homepages/10/d745001381/htdocs/strasbourg2/wp-content/themes/wen-associate/inc/helper/common.php on line 165
[09-Aug-2018 07:48:32 UTC] PHP Notice:  Undefined offset: 0 in /homepages/10/d745001381/htdocs/strasbourg2/wp-content/themes/wen-associate/inc/helper/common.php on line 163
[09-Aug-2018 07:48:32 UTC] PHP Recoverable fatal error:  Object of class WP_Error could not be converted to string in /homepages/10/d745001381/htdocs/strasbourg2/wp-content/themes/wen-associate/inc/helper/common.php on line 165
[09-Aug-2018 07:48:33 UTC] PHP Notice:  Undefined offset: 0 in /homepages/10/d745001381/htdocs/strasbourg2/wp-content/themes/wen-associate/inc/helper/common.php on line 163
[09-Aug-2018 07:48:33 UTC] PHP Recoverable fatal error:  Object of class WP_Error could not be converted to string in /homepages/10/d745001381/htdocs/strasbourg2/wp-content/themes/wen-associate/inc/helper/common.php on line 165
[09-Aug-2018 07:48:34 UTC] PHP Notice:  Undefined offset: 0 in /homepages/10/d745001381/htdocs/strasbourg2/wp-content/themes/wen-associate/inc/helper/common.php on line 163
[09-Aug-2018 07:48:34 UTC] PHP Recoverable fatal error:  Object of class WP_Error could not be converted to string in /homepages/10/d745001381/htdocs/strasbourg2/wp-content/themes/wen-associate/inc/helper/common.php on line 165
[09-Aug-2018 07:48:34 UTC] PHP Notice:  Undefined offset: 0 in /homepages/10/d745001381/htdocs/strasbourg2/wp-content/themes/wen-associate/inc/helper/common.php on line 163
[09-Aug-2018 07:48:34 UTC] PHP Recoverable fatal error:  Object of class WP_Error could not be converted to string in /homepages/10/d745001381/htdocs/strasbourg2/wp-content/themes/wen-associate/inc/helper/common.php on line 165
[09-Aug-2018 07:49:04 UTC] PHP Notice:  Undefined offset: 0 in /homepages/10/d745001381/htdocs/strasbourg2/wp-content/themes/wen-associate/inc/helper/common.php on line 163
[09-Aug-2018 07:49:04 UTC] PHP Recoverable fatal error:  Object of class WP_Error could not be converted to string in /homepages/10/d745001381/htdocs/strasbourg2/wp-content/themes/wen-associate/inc/helper/common.php on line 165
[09-Aug-2018 07:50:09 UTC] PHP Notice:  Undefined offset: 0 in /homepages/10/d745001381/htdocs/strasbourg2/wp-content/themes/wen-associate/inc/helper/common.php on line 163
[09-Aug-2018 07:50:09 UTC] PHP Recoverable fatal error:  Object of class WP_Error could not be converted to string in /homepages/10/d745001381/htdocs/strasbourg2/wp-content/themes/wen-associate/inc/helper/common.php on line 165
[09-Aug-2018 08:13:05 UTC] PHP Notice:  Undefined offset: 0 in /homepages/10/d745001381/htdocs/strasbourg2/wp-content/themes/wen-associate/inc/helper/common.php on line 163
[09-Aug-2018 08:13:05 UTC] PHP Recoverable fatal error:  Object of class WP_Error could not be converted to string in /homepages/10/d745001381/htdocs/strasbourg2/wp-content/themes/wen-associate/inc/helper/common.php on line 165
[09-Aug-2018 08:13:39 UTC] PHP Notice:  Undefined offset: 0 in /homepages/10/d745001381/htdocs/strasbourg2/wp-content/themes/wen-associate/inc/helper/common.php on line 163
[09-Aug-2018 08:13:39 UTC] PHP Recoverable fatal error:  Object of class WP_Error could not be converted to string in /homepages/10/d745001381/htdocs/strasbourg2/wp-content/themes/wen-associate/inc/helper/common.php on line 165
[09-Aug-2018 09:03:06 UTC] PHP Notice:  Undefined offset: 0 in /homepages/10/d745001381/htdocs/strasbourg2/wp-content/themes/wen-associate/inc/helper/common.php on line 163
[09-Aug-2018 09:03:06 UTC] PHP Catchable fatal error:  Object of class WP_Error could not be converted to string in /homepages/10/d745001381/htdocs/strasbourg2/wp-content/themes/wen-associate/inc/helper/common.php on line 165
[09-Aug-2018 09:04:29 UTC] PHP Notice:  Undefined offset: 0 in /homepages/10/d745001381/htdocs/strasbourg2/wp-content/themes/wen-associate/inc/helper/common.php on line 163
[09-Aug-2018 09:04:29 UTC] PHP Catchable fatal error:  Object of class WP_Error could not be converted to string in /homepages/10/d745001381/htdocs/strasbourg2/wp-content/themes/wen-associate/inc/helper/common.php on line 165
[09-Aug-2018 16:49:26 UTC] PHP Notice:  Undefined index: name in /homepages/10/d745001381/htdocs/strasbourg2/wp-content/plugins/events-manager/classes/em-object.php on line 1272
[09-Aug-2018 16:49:26 UTC] PHP Notice:  Undefined index: name in /homepages/10/d745001381/htdocs/strasbourg2/wp-content/plugins/events-manager/classes/em-object.php on line 1272
[09-Aug-2018 16:49:26 UTC] PHP Notice:  Undefined index: name in /homepages/10/d745001381/htdocs/strasbourg2/wp-content/plugins/events-manager/classes/em-object.php on line 1272
[09-Aug-2018 16:49:26 UTC] PHP Warning:  Cannot modify header information - headers already sent by (output started at /homepages/10/d745001381/htdocs/strasbourg2/wp-content/plugins/events-manager/classes/em-object.php:1272) in /homepages/10/d745001381/htdocs/strasbourg2/wp-admin/includes/misc.php on line 1126
[10-Aug-2018 15:26:43 UTC] PHP Warning:  call_user_func_array() expects parameter 1 to be a valid callback, function 'codex_book_init' not found or invalid function name in /homepages/10/d745001381/htdocs/strasbourg2/wp-includes/class-wp-hook.php on line 286
[10-Aug-2018 15:26:44 UTC] PHP Warning:  call_user_func_array() expects parameter 1 to be a valid callback, function 'codex_book_init' not found or invalid function name in /homepages/10/d745001381/htdocs/strasbourg2/wp-includes/class-wp-hook.php on line 286
[10-Aug-2018 15:26:44 UTC] PHP Warning:  Cannot modify header information - headers already sent by (output started at /homepages/10/d745001381/htdocs/strasbourg2/wp-includes/class-wp-hook.php:286) in /homepages/10/d745001381/htdocs/strasbourg2/wp-admin/includes/misc.php on line 1126
[10-Aug-2018 15:26:45 UTC] PHP Warning:  call_user_func_array() expects parameter 1 to be a valid callback, function 'codex_book_init' not found or invalid function name in /homepages/10/d745001381/htdocs/strasbourg2/wp-includes/class-wp-hook.php on line 286
[10-Aug-2018 15:26:57 UTC] PHP Warning:  call_user_func_array() expects parameter 1 to be a valid callback, function 'codex_book_init' not found or invalid function name in /homepages/10/d745001381/htdocs/strasbourg2/wp-includes/class-wp-hook.php on line 286
[10-Aug-2018 15:26:57 UTC] PHP Warning:  Cannot modify header information - headers already sent by (output started at /homepages/10/d745001381/htdocs/strasbourg2/wp-includes/class-wp-hook.php:286) in /homepages/10/d745001381/htdocs/strasbourg2/wp-admin/includes/misc.php on line 1126
[10-Aug-2018 15:27:06 UTC] PHP Warning:  call_user_func_array() expects parameter 1 to be a valid callback, function 'codex_book_init' not found or invalid function name in /homepages/10/d745001381/htdocs/strasbourg2/wp-includes/class-wp-hook.php on line 286
[10-Aug-2018 15:27:06 UTC] PHP Warning:  Cannot modify header information - headers already sent by (output started at /homepages/10/d745001381/htdocs/strasbourg2/wp-includes/class-wp-hook.php:286) in /homepages/10/d745001381/htdocs/strasbourg2/wp-admin/includes/misc.php on line 1126
[10-Aug-2018 15:27:06 UTC] PHP Warning:  Cannot modify header information - headers already sent by (output started at /homepages/10/d745001381/htdocs/strasbourg2/wp-includes/class-wp-hook.php:286) in /homepages/10/d745001381/htdocs/strasbourg2/wp-includes/pluggable.php on line 1219
[10-Aug-2018 15:42:38 UTC] PHP Parse error:  syntax error, unexpected ')' in /homepages/10/d745001381/htdocs/strasbourg2/wp-content/themes/wen-associate-child/portofolio.php on line 55
[10-Aug-2018 15:42:38 UTC] PHP Parse error:  syntax error, unexpected ')' in /homepages/10/d745001381/htdocs/strasbourg2/wp-content/themes/wen-associate-child/portofolio.php on line 55
[10-Aug-2018 16:26:22 UTC] PHP Warning:  require_once(/homepages/10/d745001381/htdocs/strasbourg2/wp-content/themes/wen-associate-child/portofolio.php): failed to open stream: No such file or directory in /homepages/10/d745001381/htdocs/strasbourg2/wp-content/themes/wen-associate-child/functions.php on line 2
[10-Aug-2018 16:26:22 UTC] PHP Fatal error:  require_once(): Failed opening required '/homepages/10/d745001381/htdocs/strasbourg2/wp-content/themes/wen-associate-child/portofolio.php' (include_path='.:/usr/lib/php5.6') in /homepages/10/d745001381/htdocs/strasbourg2/wp-content/themes/wen-associate-child/functions.php on line 2
[12-Aug-2018 09:31:39 UTC] PHP Notice:  Undefined index: name in /homepages/10/d745001381/htdocs/strasbourg2/wp-content/plugins/events-manager/classes/em-object.php on line 1272
[12-Aug-2018 09:31:39 UTC] PHP Notice:  Undefined index: name in /homepages/10/d745001381/htdocs/strasbourg2/wp-content/plugins/events-manager/classes/em-object.php on line 1272
[12-Aug-2018 09:31:39 UTC] PHP Notice:  Undefined index: name in /homepages/10/d745001381/htdocs/strasbourg2/wp-content/plugins/events-manager/classes/em-object.php on line 1272
[12-Aug-2018 09:31:39 UTC] PHP Warning:  Cannot modify header information - headers already sent by (output started at /homepages/10/d745001381/htdocs/strasbourg2/wp-content/plugins/events-manager/classes/em-object.php:1272) in /homepages/10/d745001381/htdocs/strasbourg2/wp-admin/includes/misc.php on line 1126
[12-Aug-2018 09:41:37 UTC] PHP Notice:  Undefined index: name in /homepages/10/d745001381/htdocs/strasbourg2/wp-content/plugins/events-manager/classes/em-object.php on line 1272
[12-Aug-2018 09:41:37 UTC] PHP Notice:  Undefined index: name in /homepages/10/d745001381/htdocs/strasbourg2/wp-content/plugins/events-manager/classes/em-object.php on line 1272
[12-Aug-2018 09:41:37 UTC] PHP Notice:  Undefined index: name in /homepages/10/d745001381/htdocs/strasbourg2/wp-content/plugins/events-manager/classes/em-object.php on line 1272
[12-Aug-2018 09:41:37 UTC] PHP Warning:  Cannot modify header information - headers already sent by (output started at /homepages/10/d745001381/htdocs/strasbourg2/wp-content/plugins/events-manager/classes/em-object.php:1272) in /homepages/10/d745001381/htdocs/strasbourg2/wp-admin/includes/misc.php on line 1126
[12-Aug-2018 09:50:30 UTC] PHP Notice:  Undefined index: name in /homepages/10/d745001381/htdocs/strasbourg2/wp-content/plugins/events-manager/classes/em-object.php on line 1272
[12-Aug-2018 09:50:30 UTC] PHP Notice:  Undefined index: name in /homepages/10/d745001381/htdocs/strasbourg2/wp-content/plugins/events-manager/classes/em-object.php on line 1272
[12-Aug-2018 09:50:30 UTC] PHP Notice:  Undefined index: name in /homepages/10/d745001381/htdocs/strasbourg2/wp-content/plugins/events-manager/classes/em-object.php on line 1272
[12-Aug-2018 09:50:30 UTC] PHP Warning:  Cannot modify header information - headers already sent by (output started at /homepages/10/d745001381/htdocs/strasbourg2/wp-content/plugins/events-manager/classes/em-object.php:1272) in /homepages/10/d745001381/htdocs/strasbourg2/wp-admin/includes/misc.php on line 1126
[12-Aug-2018 10:07:42 UTC] PHP Notice:  Undefined index: name in /homepages/10/d745001381/htdocs/strasbourg2/wp-content/plugins/events-manager/classes/em-object.php on line 1272
[12-Aug-2018 10:07:42 UTC] PHP Notice:  Undefined index: name in /homepages/10/d745001381/htdocs/strasbourg2/wp-content/plugins/events-manager/classes/em-object.php on line 1272
[12-Aug-2018 10:07:42 UTC] PHP Notice:  Undefined index: name in /homepages/10/d745001381/htdocs/strasbourg2/wp-content/plugins/events-manager/classes/em-object.php on line 1272
[12-Aug-2018 10:07:42 UTC] PHP Warning:  Cannot modify header information - headers already sent by (output started at /homepages/10/d745001381/htdocs/strasbourg2/wp-content/plugins/events-manager/classes/em-object.php:1272) in /homepages/10/d745001381/htdocs/strasbourg2/wp-admin/includes/misc.php on line 1126
[12-Aug-2018 10:35:02 UTC] PHP Warning:  strstr(): Empty needle in /homepages/10/d745001381/htdocs/strasbourg2/wp-content/plugins/events-manager/em-posts.php on line 273
[12-Aug-2018 10:35:02 UTC] PHP Warning:  Cannot modify header information - headers already sent by (output started at /homepages/10/d745001381/htdocs/strasbourg2/wp-content/plugins/events-manager/em-posts.php:273) in /homepages/10/d745001381/htdocs/strasbourg2/wp-admin/includes/misc.php on line 1126
[12-Aug-2018 10:35:05 UTC] PHP Warning:  strstr(): Empty needle in /homepages/10/d745001381/htdocs/strasbourg2/wp-content/plugins/events-manager/em-posts.php on line 273
[12-Aug-2018 10:35:06 UTC] PHP Warning:  strstr(): Empty needle in /homepages/10/d745001381/htdocs/strasbourg2/wp-content/plugins/events-manager/em-posts.php on line 273
[12-Aug-2018 10:35:09 UTC] PHP Warning:  strstr(): Empty needle in /homepages/10/d745001381/htdocs/strasbourg2/wp-content/plugins/events-manager/em-posts.php on line 273
[12-Aug-2018 10:35:11 UTC] PHP Warning:  strstr(): Empty needle in /homepages/10/d745001381/htdocs/strasbourg2/wp-content/plugins/events-manager/em-posts.php on line 273
[12-Aug-2018 10:35:12 UTC] PHP Warning:  strstr(): Empty needle in /homepages/10/d745001381/htdocs/strasbourg2/wp-content/plugins/events-manager/em-posts.php on line 273
[12-Aug-2018 10:35:25 UTC] PHP Warning:  strstr(): Empty needle in /homepages/10/d745001381/htdocs/strasbourg2/wp-content/plugins/events-manager/em-posts.php on line 273
[12-Aug-2018 10:35:32 UTC] PHP Warning:  strstr(): Empty needle in /homepages/10/d745001381/htdocs/strasbourg2/wp-content/plugins/events-manager/em-posts.php on line 273
[12-Aug-2018 10:35:32 UTC] PHP Warning:  Cannot modify header information - headers already sent by (output started at /homepages/10/d745001381/htdocs/strasbourg2/wp-content/plugins/events-manager/em-posts.php:273) in /homepages/10/d745001381/htdocs/strasbourg2/wp-admin/includes/misc.php on line 1126
[12-Aug-2018 10:35:39 UTC] PHP Warning:  strstr(): Empty needle in /homepages/10/d745001381/htdocs/strasbourg2/wp-content/plugins/events-manager/em-posts.php on line 273
[12-Aug-2018 10:35:39 UTC] PHP Warning:  Cannot modify header information - headers already sent by (output started at /homepages/10/d745001381/htdocs/strasbourg2/wp-content/plugins/events-manager/em-posts.php:273) in /homepages/10/d745001381/htdocs/strasbourg2/wp-content/plugins/events-manager/classes/em-notices.php on line 46
[12-Aug-2018 10:35:39 UTC] PHP Warning:  Cannot modify header information - headers already sent by (output started at /homepages/10/d745001381/htdocs/strasbourg2/wp-content/plugins/events-manager/em-posts.php:273) in /homepages/10/d745001381/htdocs/strasbourg2/wp-includes/pluggable.php on line 1219
[15-Aug-2018 10:07:03 UTC] PHP Notice:  Undefined index: name in /homepages/10/d745001381/htdocs/strasbourg2/wp-content/plugins/events-manager/classes/em-object.php on line 1272
[15-Aug-2018 10:07:03 UTC] PHP Notice:  Undefined index: name in /homepages/10/d745001381/htdocs/strasbourg2/wp-content/plugins/events-manager/classes/em-object.php on line 1272
[15-Aug-2018 10:07:03 UTC] PHP Notice:  Undefined index: name in /homepages/10/d745001381/htdocs/strasbourg2/wp-content/plugins/events-manager/classes/em-object.php on line 1272
[15-Aug-2018 10:07:03 UTC] PHP Warning:  Cannot modify header information - headers already sent by (output started at /homepages/10/d745001381/htdocs/strasbourg2/wp-content/plugins/events-manager/classes/em-object.php:1272) in /homepages/10/d745001381/htdocs/strasbourg2/wp-admin/includes/misc.php on line 1126
[16-Aug-2018 18:03:14 UTC] PHP Notice:  Undefined index: name in /homepages/10/d745001381/htdocs/strasbourg2/wp-content/plugins/events-manager/classes/em-object.php on line 1272
[16-Aug-2018 18:03:14 UTC] PHP Notice:  Undefined index: name in /homepages/10/d745001381/htdocs/strasbourg2/wp-content/plugins/events-manager/classes/em-object.php on line 1272
[16-Aug-2018 18:03:14 UTC] PHP Notice:  Undefined index: name in /homepages/10/d745001381/htdocs/strasbourg2/wp-content/plugins/events-manager/classes/em-object.php on line 1272
[16-Aug-2018 18:03:14 UTC] PHP Warning:  Cannot modify header information - headers already sent by (output started at /homepages/10/d745001381/htdocs/strasbourg2/wp-content/plugins/events-manager/classes/em-object.php:1272) in /homepages/10/d745001381/htdocs/strasbourg2/wp-admin/includes/misc.php on line 1126
[17-Aug-2018 07:43:56 UTC] PHP Notice:  Trying to get property of non-object in /homepages/10/d745001381/htdocs/strasbourg2/wp-admin/nav-menus.php on line 823
[17-Aug-2018 07:44:01 UTC] PHP Notice:  Trying to get property of non-object in /homepages/10/d745001381/htdocs/strasbourg2/wp-admin/nav-menus.php on line 823
[17-Aug-2018 07:44:07 UTC] PHP Notice:  Trying to get property of non-object in /homepages/10/d745001381/htdocs/strasbourg2/wp-admin/nav-menus.php on line 823
[17-Aug-2018 07:44:20 UTC] PHP Notice:  Trying to get property of non-object in /homepages/10/d745001381/htdocs/strasbourg2/wp-admin/nav-menus.php on line 823
[17-Aug-2018 07:44:28 UTC] PHP Notice:  Trying to get property of non-object in /homepages/10/d745001381/htdocs/strasbourg2/wp-admin/nav-menus.php on line 823
[17-Aug-2018 07:44:43 UTC] PHP Notice:  Trying to get property of non-object in /homepages/10/d745001381/htdocs/strasbourg2/wp-admin/nav-menus.php on line 823
[17-Aug-2018 17:51:42 UTC] PHP Notice:  Trying to get property of non-object in /homepages/10/d745001381/htdocs/strasbourg2/wp-content/themes/wen-associate/inc/helper/common.php on line 159
[17-Aug-2018 17:51:42 UTC] PHP Notice:  Trying to get property of non-object in /homepages/10/d745001381/htdocs/strasbourg2/wp-content/themes/wen-associate/inc/helper/common.php on line 159
[20-Aug-2018 09:21:36 UTC] PHP Notice:  Trying to get property of non-object in /homepages/10/d745001381/htdocs/strasbourg2/wp-content/themes/wen-associate/inc/helper/common.php on line 159
[20-Aug-2018 09:21:36 UTC] PHP Notice:  Trying to get property of non-object in /homepages/10/d745001381/htdocs/strasbourg2/wp-content/themes/wen-associate/inc/helper/common.php on line 159
[20-Aug-2018 12:06:21 UTC] [Loco.warning] "Le thème enfant déclare le même Text Domain que le thème parent" in src/admin/bundle/ConfController.php:95
[20-Aug-2018 12:27:39 UTC] [Loco.warning] "Le thème enfant déclare le même Text Domain que le thème parent" in src/admin/bundle/ConfController.php:95
[20-Aug-2018 14:25:37 UTC] PHP Notice:  Trying to get property of non-object in /homepages/10/d745001381/htdocs/strasbourg2/wp-content/themes/wen-associate/inc/helper/common.php on line 159
[20-Aug-2018 14:25:37 UTC] PHP Notice:  Trying to get property of non-object in /homepages/10/d745001381/htdocs/strasbourg2/wp-content/themes/wen-associate/inc/helper/common.php on line 159
[20-Aug-2018 14:45:44 UTC] PHP Notice:  screen_icon est <strong>obsolète</strong> depuis la version 3.8.0, aucune alternative n’est disponible. in /homepages/10/d745001381/htdocs/strasbourg2/wp-includes/functions.php on line 3856
[20-Aug-2018 14:45:44 UTC] PHP Notice:  get_screen_icon est <strong>obsolète</strong> depuis la version 3.8.0, aucune alternative n’est disponible. in /homepages/10/d745001381/htdocs/strasbourg2/wp-includes/functions.php on line 3856
[20-Aug-2018 14:53:56 UTC] [Loco.warning] "Le thème enfant déclare le même Text Domain que le thème parent" in src/admin/bundle/ConfController.php:95
[22-Aug-2018 05:04:40 UTC] PHP Warning:  mysqli_real_connect(): (HY000/2002): Connection refused in /homepages/10/d745001381/htdocs/strasbourg2/wp-includes/wp-db.php on line 1531
[22-Aug-2018 05:04:40 UTC] PHP Deprecated:  mysql_connect(): The mysql extension is deprecated and will be removed in the future: use mysqli or PDO instead in /homepages/10/d745001381/htdocs/strasbourg2/wp-includes/wp-db.php on line 1562
[22-Aug-2018 05:04:40 UTC] PHP Warning:  mysql_connect(): Connection refused in /homepages/10/d745001381/htdocs/strasbourg2/wp-includes/wp-db.php on line 1562
